0 5
5 7 5 6
5 6 5 5
5 5 5 4
5 4 5 3
5 3 4 3
1 9
6 8 6 7
6 7 6 6
6 6 6 5
6 5 5 5
5 5 4 5
4 5 4 4
4 4 3 4
3 4 2 4
2 4 2 3
2 5
4 9 4 8
4 8 5 8
5 8 5 7
5 7 6 7
6 7 7 7
3 11
0 4 1 4
1 4 1 5
1 5 2 5
2 5 3 5
3 5 4 5
4 5 4 6
4 6 5 6
5 6 6 6
6 6 7 6
7 6 8 6
8 6 8 5
4 6
8 6 8 5
8 5 8 4
8 4 7 4
7 4 6 4
6 4 6 3
6 3 5 3
5 6
8 7 8 8
8 8 7 8
7 8 6 8
6 8 5 8
5 8 5 9
5 9 4 9
6 2
4 1 3 1
3 1 2 1
7 2
6 8 5 8
5 8 5 7
8 1
1 8 0 8
9 5
7 5 6 5
6 5 6 4
6 4 5 4
5 4 4 4
4 4 3 4
10 8
0 7 0 6
0 6 0 5
0 5 0 4
0 4 0 3
0 3 0 2
0 2 1 2
1 2 2 2
2 2 3 2
11 5
7 9 8 9
8 9 9 9
9 9 9 8
9 8 9 7
9 7 9 6
12 5
1 8 2 8
2 8 2 7
2 7 3 7
3 7 3 6
3 6 4 6
13 11
8 6 8 7
8 7 7 7
7 7 7 8
7 8 7 9
7 9 6 9
6 9 5 9
5 9 4 9
4 9 3 9
3 9 2 9
2 9 1 9
1 9 1 8
14 6
5 4 4 4
4 4 4 3
4 3 3 3
3 3 2 3
2 3 1 3
1 3 1 4
15 6
3 3 3 4
3 4 3 5
3 5 3 6
3 6 3 7
3 7 4 7
4 7 4 8
16 7
9 3 8 3
8 3 7 3
7 3 6 3
6 3 6 2
6 2 5 2
5 2 5 1
5 1 5 0
17 7
0 3 1 3
1 3 1 4
1 4 2 4
2 4 2 5
2 5 3 5
3 5 4 5
4 5 5 5
18 9
4 9 4 8
4 8 3 8
3 8 2 8
2 8 2 7
2 7 2 6
2 6 1 6
1 6 1 5
1 5 0 5
0 5 0 4
19 7
9 0 8 0
8 0 8 1
8 1 8 2
8 2 7 2
7 2 7 3
7 3 7 4
7 4 7 5
20 6
7 8 7 7
7 7 7 6
7 6 7 5
7 5 6 5
6 5 5 5
5 5 5 4
21 7
6 7 5 7
5 7 4 7
4 7 3 7
3 7 2 7
2 7 1 7
1 7 0 7
0 7 0 8
22 3
7 5 7 4
7 4 6 4
6 4 5 4
23 1
0 9 1 9
24 3
0 5 1 5
1 5 1 4
1 4 1 3
25 10
8 0 7 0
7 0 7 1
7 1 7 2
7 2 6 2
6 2 6 3
6 3 6 4
6 4 6 5
6 5 6 6
6 6 6 7
6 7 6 8
26 14
3 2 4 2
4 2 4 1
4 1 5 1
5 1 6 1
6 1 7 1
7 1 8 1
8 1 9 1
9 1 9 2
9 2 9 3
9 3 9 4
9 4 9 5
9 5 8 5
8 5 7 5
7 5 7 6
27 5
5 4 4 4
4 4 4 5
4 5 4 6
4 6 3 6
3 6 2 6
28 9
8 1 8 2
8 2 8 3
8 3 8 4
8 4 9 4
9 4 9 5
9 5 9 6
9 6 8 6
8 6 7 6
7 6 6 6
29 6
3 3 3 4
3 4 3 5
3 5 3 6
3 6 4 6
4 6 4 7
4 7 5 7
30 6
0 9 0 8
0 8 1 8
1 8 1 7
1 7 1 6
1 6 2 6
2 6 2 5
31 7
3 7 2 7
2 7 2 6
2 6 2 5
2 5 2 4
2 4 1 4
1 4 0 4
0 4 0 3
32 7
5 1 5 2
5 2 4 2
4 2 4 3
4 3 4 4
4 4 4 5
4 5 3 5
3 5 3 6
33 9
2 1 2 2
2 2 2 3
2 3 3 3
3 3 4 3
4 3 5 3
5 3 5 4
5 4 5 5
5 5 5 6
5 6 6 6
34 6
3 4 3 5
3 5 4 5
4 5 4 6
4 6 5 6
5 6 5 7
5 7 6 7
35 8
6 2 6 1
6 1 6 0
6 0 5 0
5 0 4 0
4 0 3 0
3 0 2 0
2 0 1 0
1 0 0 0
36 2
0 3 0 2
0 2 0 1
37 10
8 1 7 1
7 1 6 1
6 1 5 1
5 1 4 1
4 1 3 1
3 1 2 1
2 1 1 1
1 1 1 2
1 2 1 3
1 3 0 3
38 10
7 0 6 0
6 0 6 1
6 1 6 2
6 2 5 2
5 2 5 3
5 3 5 4
5 4 5 5
5 5 5 6
5 6 4 6
4 6 4 7
39 6
3 4 3 3
3 3 3 2
3 2 4 2
4 2 5 2
5 2 6 2
6 2 7 2
